time="2024-06-02T18:05:39+03:00" level=info msg="Database migrated successfully" func="backend/internal/dataBase.InitDB()" file="dbConfig.go:67"
time="2024-06-02T18:05:39+03:00" level=info msg="DB connected" func="main.main()" file="main.go:34"
time="2024-06-02T18:05:39+03:00" level=info msg="Redis connected!" func="backend/internal/api.New()" file="api.go:31"
time="2024-06-02T18:05:39+03:00" level=info msg="Redis synced!" func="backend/internal/api.New()" file="api.go:43"
time="2024-06-02T18:05:39+03:00" level=info msg="Redis update started!" func="backend/internal/api.New()" file="api.go:46"
time="2024-06-02T18:05:39+03:00" level=info msg="Env loaded" func="backend/internal/api.New()" file="api.go:48"
time="2024-06-02T18:05:39+03:00" level=info msg="API created" func="main.main()" file="main.go:41"
time="2024-06-02T18:05:39+03:00" level=info msg="Server starting on: " func="main.main()" file="main.go:43"
time="2024-06-02T18:05:39+03:00" level=info msg="PORT: 11080" func="main.main()" file="main.go:44"
time="2024-06-02T18:05:39+03:00" level=info msg="DB_HOST: 127.0.0.1" func="main.main()" file="main.go:45"
time="2024-06-02T18:05:39+03:00" level=info msg="DB_PORT: 5432" func="main.main()" file="main.go:46"
time="2024-06-02T18:05:39+03:00" level=info msg="ACCESS_ALIVE: 5" func="main.main()" file="main.go:47"
time="2024-06-02T18:05:39+03:00" level=info msg="REFRESH_ALIVE: 86000" func="main.main()" file="main.go:48"
time="2024-06-02T18:05:39+03:00" level=info msg="Starting server..." func="main.main()" file="main.go:50"
time="2024-06-02T18:05:41+03:00" level=error msg="record not found" func="backend/internal/api.(*App).CheckRegistrationCode()" file="auth.go:553"
time="2024-06-02T18:07:10+03:00" level=info msg="Email sent to address: sanya2test+santya@yandex.ru" func="backend/internal/api.(*App).Send.func1()" file="auth.go:285"
time="2024-06-02T18:32:29+03:00" level=info msg="Database migrated successfully" func="backend/internal/dataBase.InitDB()" file="dbConfig.go:67"
time="2024-06-02T18:32:29+03:00" level=info msg="DB connected" func="main.main()" file="main.go:34"
time="2024-06-02T18:32:29+03:00" level=info msg="Redis connected!" func="backend/internal/api.New()" file="api.go:31"
time="2024-06-02T18:32:29+03:00" level=info msg="Redis synced!" func="backend/internal/api.New()" file="api.go:43"
time="2024-06-02T18:32:29+03:00" level=info msg="Redis update started!" func="backend/internal/api.New()" file="api.go:46"
time="2024-06-02T18:32:29+03:00" level=info msg="Env loaded" func="backend/internal/api.New()" file="api.go:48"
time="2024-06-02T18:32:29+03:00" level=info msg="API created" func="main.main()" file="main.go:41"
time="2024-06-02T18:32:29+03:00" level=info msg="Server starting on: " func="main.main()" file="main.go:43"
time="2024-06-02T18:32:29+03:00" level=info msg="PORT: 11080" func="main.main()" file="main.go:44"
time="2024-06-02T18:32:29+03:00" level=info msg="DB_HOST: 127.0.0.1" func="main.main()" file="main.go:45"
time="2024-06-02T18:32:29+03:00" level=info msg="DB_PORT: 5432" func="main.main()" file="main.go:46"
time="2024-06-02T18:32:29+03:00" level=info msg="ACCESS_ALIVE: 5" func="main.main()" file="main.go:47"
time="2024-06-02T18:32:29+03:00" level=info msg="REFRESH_ALIVE: 86000" func="main.main()" file="main.go:48"
time="2024-06-02T18:32:29+03:00" level=info msg="Starting server..." func="main.main()" file="main.go:50"
time="2024-06-07T01:30:11+03:00" level=info msg="Database migrated successfully" func="backend/internal/dataBase.InitDB()" file="dbConfig.go:68"
time="2024-06-07T01:30:11+03:00" level=info msg="DB connected" func="main.main()" file="main.go:34"
time="2024-06-07T01:30:11+03:00" level=info msg="Redis connected!" func="backend/internal/api.New()" file="api.go:31"
time="2024-06-07T01:30:11+03:00" level=info msg="Redis synced!" func="backend/internal/api.New()" file="api.go:43"
time="2024-06-07T01:30:11+03:00" level=info msg="Redis update started!" func="backend/internal/api.New()" file="api.go:46"
time="2024-06-07T01:30:11+03:00" level=info msg="Env loaded" func="backend/internal/api.New()" file="api.go:48"
time="2024-06-07T01:30:11+03:00" level=info msg="API created" func="main.main()" file="main.go:41"
time="2024-06-07T01:30:11+03:00" level=info msg="Server starting on: " func="main.main()" file="main.go:43"
time="2024-06-07T01:30:11+03:00" level=info msg="PORT: 11080" func="main.main()" file="main.go:44"
time="2024-06-07T01:30:11+03:00" level=info msg="DB_HOST: 127.0.0.1" func="main.main()" file="main.go:45"
time="2024-06-07T01:30:11+03:00" level=info msg="DB_PORT: 5432" func="main.main()" file="main.go:46"
time="2024-06-07T01:30:11+03:00" level=info msg="ACCESS_ALIVE: 5" func="main.main()" file="main.go:47"
time="2024-06-07T01:30:11+03:00" level=info msg="REFRESH_ALIVE: 86000" func="main.main()" file="main.go:48"
time="2024-06-07T01:30:11+03:00" level=info msg="Starting server..." func="main.main()" file="main.go:50"
time="2024-06-07T02:17:08+03:00" level=info msg="Database migrated successfully" func="backend/internal/dataBase.InitDB()" file="dbConfig.go:68"
time="2024-06-07T02:17:08+03:00" level=info msg="DB connected" func="main.main()" file="main.go:34"
time="2024-06-07T02:17:08+03:00" level=info msg="Redis connected!" func="backend/internal/api.New()" file="api.go:31"
time="2024-06-07T02:17:08+03:00" level=info msg="Redis synced!" func="backend/internal/api.New()" file="api.go:43"
time="2024-06-07T02:17:08+03:00" level=info msg="Redis update started!" func="backend/internal/api.New()" file="api.go:46"
time="2024-06-07T02:17:08+03:00" level=info msg="Env loaded" func="backend/internal/api.New()" file="api.go:48"
time="2024-06-07T02:17:08+03:00" level=info msg="API created" func="main.main()" file="main.go:41"
time="2024-06-07T02:17:08+03:00" level=info msg="Server starting on: " func="main.main()" file="main.go:43"
time="2024-06-07T02:17:08+03:00" level=info msg="PORT: 11080" func="main.main()" file="main.go:44"
time="2024-06-07T02:17:08+03:00" level=info msg="DB_HOST: 127.0.0.1" func="main.main()" file="main.go:45"
time="2024-06-07T02:17:08+03:00" level=info msg="DB_PORT: 5432" func="main.main()" file="main.go:46"
time="2024-06-07T02:17:08+03:00" level=info msg="ACCESS_ALIVE: 5" func="main.main()" file="main.go:47"
time="2024-06-07T02:17:08+03:00" level=info msg="REFRESH_ALIVE: 86000" func="main.main()" file="main.go:48"
time="2024-06-07T02:17:08+03:00" level=info msg="Starting server..." func="main.main()" file="main.go:50"
time="2024-06-07T02:19:56+03:00" level=info msg="Database migrated successfully" func="backend/internal/dataBase.InitDB()" file="dbConfig.go:68"
time="2024-06-07T02:19:56+03:00" level=info msg="DB connected" func="main.main()" file="main.go:34"
time="2024-06-07T02:19:56+03:00" level=info msg="Redis connected!" func="backend/internal/api.New()" file="api.go:31"
time="2024-06-07T02:19:56+03:00" level=info msg="Redis synced!" func="backend/internal/api.New()" file="api.go:43"
time="2024-06-07T02:19:56+03:00" level=info msg="Redis update started!" func="backend/internal/api.New()" file="api.go:46"
time="2024-06-07T02:19:56+03:00" level=info msg="Env loaded" func="backend/internal/api.New()" file="api.go:48"
time="2024-06-07T02:19:56+03:00" level=info msg="API created" func="main.main()" file="main.go:41"
time="2024-06-07T02:19:56+03:00" level=info msg="Server starting on: " func="main.main()" file="main.go:43"
time="2024-06-07T02:19:56+03:00" level=info msg="PORT: 11080" func="main.main()" file="main.go:44"
time="2024-06-07T02:19:56+03:00" level=info msg="DB_HOST: 127.0.0.1" func="main.main()" file="main.go:45"
time="2024-06-07T02:19:56+03:00" level=info msg="DB_PORT: 5432" func="main.main()" file="main.go:46"
time="2024-06-07T02:19:56+03:00" level=info msg="ACCESS_ALIVE: 1440" func="main.main()" file="main.go:47"
time="2024-06-07T02:19:56+03:00" level=info msg="REFRESH_ALIVE: 86000" func="main.main()" file="main.go:48"
time="2024-06-07T02:19:56+03:00" level=info msg="Starting server..." func="main.main()" file="main.go:50"
time="2024-06-07T02:36:52+03:00" level=info msg="Database migrated successfully" func="backend/internal/dataBase.InitDB()" file="dbConfig.go:68"
time="2024-06-07T02:36:52+03:00" level=info msg="DB connected" func="main.main()" file="main.go:34"
time="2024-06-07T02:36:52+03:00" level=info msg="Redis connected!" func="backend/internal/api.New()" file="api.go:31"
time="2024-06-07T02:36:52+03:00" level=info msg="Redis synced!" func="backend/internal/api.New()" file="api.go:43"
time="2024-06-07T02:36:52+03:00" level=info msg="Redis update started!" func="backend/internal/api.New()" file="api.go:46"
time="2024-06-07T02:36:52+03:00" level=info msg="Env loaded" func="backend/internal/api.New()" file="api.go:48"
time="2024-06-07T02:36:52+03:00" level=info msg="API created" func="main.main()" file="main.go:41"
time="2024-06-07T02:36:52+03:00" level=info msg="Server starting on: " func="main.main()" file="main.go:43"
time="2024-06-07T02:36:52+03:00" level=info msg="PORT: 11080" func="main.main()" file="main.go:44"
time="2024-06-07T02:36:52+03:00" level=info msg="DB_HOST: 127.0.0.1" func="main.main()" file="main.go:45"
time="2024-06-07T02:36:52+03:00" level=info msg="DB_PORT: 5432" func="main.main()" file="main.go:46"
time="2024-06-07T02:36:52+03:00" level=info msg="ACCESS_ALIVE: 1440" func="main.main()" file="main.go:47"
time="2024-06-07T02:36:52+03:00" level=info msg="REFRESH_ALIVE: 86000" func="main.main()" file="main.go:48"
time="2024-06-07T02:36:52+03:00" level=info msg="Starting server..." func="main.main()" file="main.go:50"
time="2024-06-07T02:37:47+03:00" level=info msg="Database migrated successfully" func="backend/internal/dataBase.InitDB()" file="dbConfig.go:68"
time="2024-06-07T02:37:47+03:00" level=info msg="DB connected" func="main.main()" file="main.go:34"
time="2024-06-07T02:37:47+03:00" level=info msg="Redis connected!" func="backend/internal/api.New()" file="api.go:31"
time="2024-06-07T02:37:47+03:00" level=info msg="Redis synced!" func="backend/internal/api.New()" file="api.go:43"
time="2024-06-07T02:37:47+03:00" level=info msg="Redis update started!" func="backend/internal/api.New()" file="api.go:46"
time="2024-06-07T02:37:47+03:00" level=info msg="Env loaded" func="backend/internal/api.New()" file="api.go:48"
time="2024-06-07T02:37:47+03:00" level=info msg="API created" func="main.main()" file="main.go:41"
time="2024-06-07T02:37:47+03:00" level=info msg="Server starting on: " func="main.main()" file="main.go:43"
time="2024-06-07T02:37:47+03:00" level=info msg="PORT: 11080" func="main.main()" file="main.go:44"
time="2024-06-07T02:37:47+03:00" level=info msg="DB_HOST: 127.0.0.1" func="main.main()" file="main.go:45"
time="2024-06-07T02:37:47+03:00" level=info msg="DB_PORT: 5432" func="main.main()" file="main.go:46"
time="2024-06-07T02:37:47+03:00" level=info msg="ACCESS_ALIVE: 1440" func="main.main()" file="main.go:47"
time="2024-06-07T02:37:47+03:00" level=info msg="REFRESH_ALIVE: 86000" func="main.main()" file="main.go:48"
time="2024-06-07T02:37:47+03:00" level=info msg="Starting server..." func="main.main()" file="main.go:50"
