time="2024-05-06T09:14:47+03:00" level=info msg="Starting server..." func="main.main()" file="main.go:23"
time="2024-05-06T09:14:47+03:00" level=info msg="Env loaded" func="main.main()" file="main.go:29"
time="2024-05-06T09:14:47+03:00" level=info msg="Database migrated successfully" func="backend/internal/dataBase/models.InitDB()" file="dbConfig.go:67"
time="2024-05-06T09:14:47+03:00" level=info msg="DB connected" func="main.main()" file="main.go:43"
time="2024-05-06T09:14:47+03:00" level=info msg="API created" func="main.main()" file="main.go:46"
time="2024-05-06T09:16:49+03:00" level=info msg="Starting server..." func="main.main()" file="main.go:23"
time="2024-05-06T09:16:49+03:00" level=info msg="Env loaded" func="main.main()" file="main.go:29"
time="2024-05-06T09:16:49+03:00" level=info msg="Database migrated successfully" func="backend/internal/dataBase/models.InitDB()" file="dbConfig.go:67"
time="2024-05-06T09:16:49+03:00" level=info msg="DB connected" func="main.main()" file="main.go:43"
time="2024-05-06T09:16:49+03:00" level=info msg="API created" func="main.main()" file="main.go:46"
time="2024-05-06T09:16:49+03:00" level=info msg="Server starting on: \n:8081" func="main.main()" file="main.go:48"
time="2024-05-06T09:17:13+03:00" level=info msg="Starting server..." func="main.main()" file="main.go:23"
time="2024-05-06T09:17:13+03:00" level=info msg="Env loaded" func="main.main()" file="main.go:29"
time="2024-05-06T09:17:14+03:00" level=info msg="Database migrated successfully" func="backend/internal/dataBase/models.InitDB()" file="dbConfig.go:67"
time="2024-05-06T09:17:14+03:00" level=info msg="DB connected" func="main.main()" file="main.go:43"
time="2024-05-06T09:17:14+03:00" level=info msg="API created" func="main.main()" file="main.go:46"
time="2024-05-06T09:17:14+03:00" level=info msg="Server starting on: \n\n:8081" func="main.main()" file="main.go:48"
time="2024-05-06T09:19:50+03:00" level=info msg="Starting server..." func="main.main()" file="main.go:23"
time="2024-05-06T09:19:50+03:00" level=info msg="Env loaded" func="main.main()" file="main.go:29"
time="2024-05-06T09:19:50+03:00" level=info msg="Database migrated successfully" func="backend/internal/dataBase/models.InitDB()" file="dbConfig.go:67"
time="2024-05-06T09:19:50+03:00" level=info msg="DB connected" func="main.main()" file="main.go:43"
time="2024-05-06T09:19:50+03:00" level=info msg="API created" func="main.main()" file="main.go:46"
time="2024-05-06T09:19:50+03:00" level=info msg="Server starting on: " func="main.main()" file="main.go:48"
time="2024-05-06T09:19:50+03:00" level=info msg="PORT: 8081" func="main.main()" file="main.go:49"
time="2024-05-06T09:19:50+03:00" level=info msg="DB_HOST: 127.0.0.1" func="main.main()" file="main.go:50"
time="2024-05-06T09:19:50+03:00" level=info msg="DB_PORT: 5432" func="main.main()" file="main.go:51"
time="2024-05-06T09:19:50+03:00" level=info msg="ACCESS_ALIVE: 1" func="main.main()" file="main.go:52"
time="2024-05-06T09:19:50+03:00" level=info msg="REFRESH_ALIVE: 1440" func="main.main()" file="main.go:53"
time="2024-05-06T09:21:13+03:00" level=info msg="Starting server..." func="main.main()" file="main.go:23"
time="2024-05-06T09:21:13+03:00" level=info msg="Env loaded" func="main.main()" file="main.go:29"
time="2024-05-06T09:21:13+03:00" level=info msg="Database migrated successfully" func="backend/internal/dataBase/models.InitDB()" file="dbConfig.go:67"
time="2024-05-06T09:21:13+03:00" level=info msg="DB connected" func="main.main()" file="main.go:43"
time="2024-05-06T09:21:13+03:00" level=info msg="API created" func="main.main()" file="main.go:46"
time="2024-05-06T09:21:13+03:00" level=info msg="Server starting on: " func="main.main()" file="main.go:48"
time="2024-05-06T09:21:13+03:00" level=info msg="PORT: 8081" func="main.main()" file="main.go:49"
time="2024-05-06T09:21:13+03:00" level=info msg="DB_HOST: 127.0.0.1" func="main.main()" file="main.go:50"
time="2024-05-06T09:21:13+03:00" level=info msg="DB_PORT: 5432" func="main.main()" file="main.go:51"
time="2024-05-06T09:21:13+03:00" level=info msg="ACCESS_ALIVE: 1" func="main.main()" file="main.go:52"
time="2024-05-06T09:21:13+03:00" level=info msg="REFRESH_ALIVE: 1440" func="main.main()" file="main.go:53"
